<?xml version="1.0" encoding="UTF-8"?>
<testng-results skipped="0" failed="0" ignored="0" total="3" passed="3">
  <reporter-output>
  </reporter-output>
  <suite name="BDD Test Suite" duration-ms="597" started-at="2018-07-11T03:53:44Z" finished-at="2018-07-11T03:53:45Z">
    <groups>
      <group name="cucumber">
        <method signature="TestRunner.feature(cucumber.api.testng.CucumberFeatureWrapper)[pri:0, instance:runner.TestRunner@b97c004]" name="feature" class="runner.TestRunner"/>
      </group> <!-- cucumber -->
    </groups>
    <test name="FREE CRM Test" duration-ms="597" started-at="2018-07-11T03:53:44Z" finished-at="2018-07-11T03:53:45Z">
      <class name="runner.TestRunner">
        <test-method status="PASS" signature="setUpClass()[pri:0, instance:runner.TestRunner@b97c004]" name="setUpClass" is-config="true" duration-ms="278" started-at="2018-07-11T03:53:44Z" finished-at="2018-07-11T03:53:44Z">
          <reporter-output>
          </reporter-output>
        </test-method> <!-- setUpClass -->
        <test-method status="PASS" signature="feature(cucumber.api.testng.CucumberFeatureWrapper)[pri:0, instance:runner.TestRunner@b97c004]" name="feature" duration-ms="89" started-at="2018-07-11T03:53:44Z" description="Runs Cucumber Feature" data-provider="features" finished-at="2018-07-11T03:53:44Z">
          <params>
            <param index="0">
              <value>
                <![CDATA[Login]]>
              </value>
            </param>
          </params>
          <reporter-output>
          </reporter-output>
        </test-method> <!-- feature -->
        <test-method status="PASS" signature="feature(cucumber.api.testng.CucumberFeatureWrapper)[pri:0, instance:runner.TestRunner@b97c004]" name="feature" duration-ms="14" started-at="2018-07-11T03:53:44Z" description="Runs Cucumber Feature" data-provider="features" finished-at="2018-07-11T03:53:44Z">
          <params>
            <param index="0">
              <value>
                <![CDATA[Registration]]>
              </value>
            </param>
          </params>
          <reporter-output>
          </reporter-output>
        </test-method> <!-- feature -->
        <test-method status="PASS" signature="feature(cucumber.api.testng.CucumberFeatureWrapper)[pri:0, instance:runner.TestRunner@b97c004]" name="feature" duration-ms="12" started-at="2018-07-11T03:53:44Z" description="Runs Cucumber Feature" data-provider="features" finished-at="2018-07-11T03:53:44Z">
          <params>
            <param index="0">
              <value>
                <![CDATA[Wishlist]]>
              </value>
            </param>
          </params>
          <reporter-output>
          </reporter-output>
        </test-method> <!-- feature -->
        <test-method status="PASS" signature="tearDownClass()[pri:0, instance:runner.TestRunner@b97c004]" name="tearDownClass" is-config="true" duration-ms="43" started-at="2018-07-11T03:53:44Z" finished-at="2018-07-11T03:53:45Z">
          <reporter-output>
          </reporter-output>
        </test-method> <!-- tearDownClass -->
      </class> <!-- runner.TestRunner -->
    </test> <!-- FREE CRM Test -->
  </suite> <!-- BDD Test Suite -->
</testng-results>
