<?xml version="1.0" encoding="UTF-8"?>
<!-- Generated by org.testng.reporters.JUnitXMLReporter -->
<testsuite hostname="DESKTOP-SOQJ4OL" ignored="0" name="FREE CRM Test" tests="3" failures="0" timestamp="11 Jul 2018 03:53:45 GMT" time="0.597" errors="0">
  <testcase name="feature" time="0.089" classname="runner.TestRunner"/>
  <testcase name="feature" time="0.014" classname="runner.TestRunner"/>
  <testcase name="feature" time="0.012" classname="runner.TestRunner"/>
</testsuite> <!-- FREE CRM Test -->
