<?xml version="1.0" encoding="UTF-8"?>
<!-- Generated by org.testng.reporters.JUnitXMLReporter -->
<testsuite hostname="DESKTOP-SOQJ4OL" ignored="0" name="FREE CRM Test" tests="3" failures="0" timestamp="10 Jul 2018 23:26:50 GMT" time="0.538" errors="0">
  <testcase name="feature" time="0.082" classname="runner.TestRunner"/>
  <testcase name="feature" time="0.005" classname="runner.TestRunner"/>
  <testcase name="feature" time="0.006" classname="runner.TestRunner"/>
</testsuite> <!-- FREE CRM Test -->
